0 info it worked if it ends with ok
1 verbose cli [ '/home/vagrant/.nvm/v0.10.32/bin/node',
1 verbose cli   '/home/vagrant/.nvm/v0.10.32/bin/npm',
1 verbose cli   'install',
1 verbose cli   '-g',
1 verbose cli   'bower' ]
2 info using npm@1.4.28
3 info using node@v0.10.32
4 verbose cache add [ 'bower', null ]
5 verbose cache add name=undefined spec="bower" args=["bower",null]
6 verbose parsed url { protocol: null,
6 verbose parsed url   slashes: null,
6 verbose parsed url   auth: null,
6 verbose parsed url   host: null,
6 verbose parsed url   port: null,
6 verbose parsed url   hostname: null,
6 verbose parsed url   hash: null,
6 verbose parsed url   search: null,
6 verbose parsed url   query: null,
6 verbose parsed url   pathname: 'bower',
6 verbose parsed url   path: 'bower',
6 verbose parsed url   href: 'bower' }
7 silly lockFile 206e3ce5-bower bower
8 verbose lock bower /home/vagrant/.npm/206e3ce5-bower.lock
9 silly lockFile 206e3ce5-bower bower
10 silly lockFile 206e3ce5-bower bower
11 verbose addNamed [ 'bower', '' ]
12 verbose addNamed [ null, '*' ]
13 silly lockFile 1240aab1-bower bower@
14 verbose lock bower@ /home/vagrant/.npm/1240aab1-bower.lock
15 silly addNameRange { name: 'bower', range: '*', hasData: false }
16 verbose request where is /bower
17 verbose request registry https://registry.npmjs.org/
18 verbose request id 462ce32faaaacec4
19 verbose url raw /bower
20 verbose url resolving [ 'https://registry.npmjs.org/', './bower' ]
21 verbose url resolved https://registry.npmjs.org/bower
22 verbose request where is https://registry.npmjs.org/bower
23 info trying registry request attempt 1 at 20:12:45
24 http GET https://registry.npmjs.org/bower
25 http 200 https://registry.npmjs.org/bower
26 silly registry.get cb [ 200,
26 silly registry.get   { server: 'CouchDB/1.5.0 (Erlang OTP/R16B03)',
26 silly registry.get     etag: '"2PZJUS5RXSMUGVOBNON39PTBP"',
26 silly registry.get     'content-type': 'application/json',
26 silly registry.get     'cache-control': 'max-age=300',
26 silly registry.get     'content-length': '169229',
26 silly registry.get     'accept-ranges': 'bytes',
26 silly registry.get     date: 'Mon, 29 Feb 2016 20:12:47 GMT',
26 silly registry.get     via: '1.1 varnish',
26 silly registry.get     age: '197',
26 silly registry.get     connection: 'keep-alive',
26 silly registry.get     'x-served-by': 'cache-lax1431-LAX',
26 silly registry.get     'x-cache': 'HIT',
26 silly registry.get     'x-cache-hits': '5',
26 silly registry.get     'x-timer': 'S1456776767.021506,VS0,VE0',
26 silly registry.get     vary: 'Accept' } ]
27 silly addNameRange number 2 { name: 'bower', range: '*', hasData: true }
28 silly addNameRange versions [ 'bower',
28 silly addNameRange   [ '0.1.0',
28 silly addNameRange     '0.1.2',
28 silly addNameRange     '0.1.3',
28 silly addNameRange     '0.2.0',
28 silly addNameRange     '0.3.0',
28 silly addNameRange     '0.3.1',
28 silly addNameRange     '0.3.2',
28 silly addNameRange     '0.4.0',
28 silly addNameRange     '0.5.0',
28 silly addNameRange     '0.5.1',
28 silly addNameRange     '0.6.0',
28 silly addNameRange     '0.6.1',
28 silly addNameRange     '0.6.2',
28 silly addNameRange     '0.6.3',
28 silly addNameRange     '0.6.4',
28 silly addNameRange     '0.6.5',
28 silly addNameRange     '0.6.6',
28 silly addNameRange     '0.6.7',
28 silly addNameRange     '0.6.8',
28 silly addNameRange     '0.7.0',
28 silly addNameRange     '0.7.1',
28 silly addNameRange     '0.8.0',
28 silly addNameRange     '0.8.1',
28 silly addNameRange     '0.8.2',
28 silly addNameRange     '0.8.3',
28 silly addNameRange     '0.8.4',
28 silly addNameRange     '0.8.5',
28 silly addNameRange     '0.8.6',
28 silly addNameRange     '0.9.0',
28 silly addNameRange     '0.9.1',
28 silly addNameRange     '0.9.2',
28 silly addNameRange     '0.10.0',
28 silly addNameRange     '1.0.0',
28 silly addNameRange     '1.0.1',
28 silly addNameRange     '1.0.2',
28 silly addNameRange     '1.0.3',
28 silly addNameRange     '1.1.0',
28 silly addNameRange     '1.1.1',
28 silly addNameRange     '1.1.2',
28 silly addNameRange     '1.2.0',
28 silly addNameRange     '1.2.1',
28 silly addNameRange     '1.2.2',
28 silly addNameRange     '1.2.3',
28 silly addNameRange     '1.2.4',
28 silly addNameRange     '1.2.5',
28 silly addNameRange     '1.2.6',
28 silly addNameRange     '1.2.7',
28 silly addNameRange     '1.2.8',
28 silly addNameRange     '1.3.0',
28 silly addNameRange     '1.3.1',
28 silly addNameRange     '1.3.2',
28 silly addNameRange     '1.3.3',
28 silly addNameRange     '1.3.4',
28 silly addNameRange     '1.3.5',
28 silly addNameRange     '1.3.6',
28 silly addNameRange     '1.3.7',
28 silly addNameRange     '1.3.8',
28 silly addNameRange     '1.3.9',
28 silly addNameRange     '1.3.10',
28 silly addNameRange     '1.3.11',
28 silly addNameRange     '1.3.12',
28 silly addNameRange     '1.4.0',
28 silly addNameRange     '1.4.1',
28 silly addNameRange     '1.5.0',
28 silly addNameRange     '1.5.1',
28 silly addNameRange     '1.5.2',
28 silly addNameRange     '1.5.3',
28 silly addNameRange     '1.6.2',
28 silly addNameRange     '1.6.3',
28 silly addNameRange     '1.6.4',
28 silly addNameRange     '1.6.5',
28 silly addNameRange     '1.5.4',
28 silly addNameRange     '1.4.2',
28 silly addNameRange     '1.6.6',
28 silly addNameRange     '1.6.7',
28 silly addNameRange     '1.6.8',
28 silly addNameRange     '1.6.9',
28 silly addNameRange     '1.7.0',
28 silly addNameRange     '1.7.1',
28 silly addNameRange     '1.7.2',
28 silly addNameRange     '1.7.5',
28 silly addNameRange     '1.7.6',
28 silly addNameRange     '1.7.7' ] ]
29 verbose addNamed [ 'bower', '1.7.7' ]
30 verbose addNamed [ '1.7.7', '1.7.7' ]
31 silly lockFile 8acd7280-bower-1-7-7 bower@1.7.7
32 verbose lock bower@1.7.7 /home/vagrant/.npm/8acd7280-bower-1-7-7.lock
33 silly lockFile df5960c3--npmjs-org-bower-bower-1-7-7-tgz https://registry.npmjs.org/bower/-/bower-1.7.7.tgz
34 verbose lock https://registry.npmjs.org/bower/-/bower-1.7.7.tgz /home/vagrant/.npm/df5960c3--npmjs-org-bower-bower-1-7-7-tgz.lock
35 verbose addRemoteTarball [ 'https://registry.npmjs.org/bower/-/bower-1.7.7.tgz',
35 verbose addRemoteTarball   '2fd7ff3ebdcba5a8ffcd84c397c8fdfe9f825f92' ]
36 info retry fetch attempt 1 at 20:13:15
37 verbose fetch to= /tmp/npm-2811-ZIpyqB9O/registry.npmjs.org/bower/-/bower-1.7.7.tgz
38 http GET https://registry.npmjs.org/bower/-/bower-1.7.7.tgz
39 http 200 https://registry.npmjs.org/bower/-/bower-1.7.7.tgz
40 silly lockFile df5960c3--npmjs-org-bower-bower-1-7-7-tgz https://registry.npmjs.org/bower/-/bower-1.7.7.tgz
41 silly lockFile df5960c3--npmjs-org-bower-bower-1-7-7-tgz https://registry.npmjs.org/bower/-/bower-1.7.7.tgz
42 silly lockFile 8acd7280-bower-1-7-7 bower@1.7.7
43 silly lockFile 8acd7280-bower-1-7-7 bower@1.7.7
44 silly lockFile 1240aab1-bower bower@
45 silly lockFile 1240aab1-bower bower@
46 error Error: shasum check failed for /tmp/npm-2811-ZIpyqB9O/registry.npmjs.org/bower/-/bower-1.7.7.tgz
46 error Expected: 2fd7ff3ebdcba5a8ffcd84c397c8fdfe9f825f92
46 error Actual:   5e77943623586664a90fd7ff245035b9cc3fb651
46 error From:     https://registry.npmjs.org/bower/-/bower-1.7.7.tgz
46 error     at /home/vagrant/.nvm/v0.10.32/lib/node_modules/npm/node_modules/sha/index.js:38:8
46 error     at ReadStream.<anonymous> (/home/vagrant/.nvm/v0.10.32/lib/node_modules/npm/node_modules/sha/index.js:85:7)
46 error     at ReadStream.emit (events.js:117:20)
46 error     at _stream_readable.js:943:16
46 error     at process._tickCallback (node.js:419:13)
47 error If you need help, you may report this *entire* log,
47 error including the npm and node versions, at:
47 error     <http://github.com/npm/npm/issues>
48 error System Linux 3.2.0-65-generic-pae
49 error command "/home/vagrant/.nvm/v0.10.32/bin/node" "/home/vagrant/.nvm/v0.10.32/bin/npm" "install" "-g" "bower"
50 error cwd /vagrant/bandr
51 error node -v v0.10.32
52 error npm -v 1.4.28
53 verbose exit [ 1, true ]
